<?xml version="1.0" encoding="UTF-8"?>
<!-- Generated by org.testng.reporters.JUnitReportReporter -->
<testsuite hostname="Comets-MBP.attlocal.net" failures="0" tests="2" name="test.LoginPageTest" time="9.191" errors="0" timestamp="18 Jan 2023 05:40:14 GMT" skipped="0">
  <testcase classname="test.LoginPageTest" name="pageTitleTest" time="5.379"/>
  <testcase classname="test.LoginPageTest" name="loginTest" time="3.812"/>
</testsuite> <!-- test.LoginPageTest -->
